<?xml version="1.0" encoding="UTF-8"?>
<!-- Generated by org.testng.reporters.JUnitXMLReporter -->
<testsuite ignored="0" hostname="DESKTOP-59FMM7T" failures="1" tests="1" name="Test" time="19.811" errors="0" timestamp="2023-02-03T21:31:57 IST">
  <testcase classname="practise.Test1" name="createNewCustomer" time="3.625">
    <failure type="java.lang.AssertionError" message="New Customer expected [true] but found [false]">
      <![CDATA[java.lang.AssertionError: New Customer expected [true] but found [false]
at practise.Test1.createNewCustomer(Test1.java:26)
at java.base/java.util.ArrayList.forEach(ArrayList.java:1541)
... Removed 30 stack frames]]>
    </failure>
  </testcase> <!-- createNewCustomer -->
</testsuite> <!-- Test -->
