<?xml version="1.0" encoding="UTF-8"?>
<testng-results ignored="0" total="1" passed="0" failed="1" skipped="0">
  <reporter-output>
    <line>
      <![CDATA[--Browser chrome launched successfully--]]>
    </line>
    <line>
      <![CDATA[--Login Successful--]]>
    </line>
    <line>
      <![CDATA[--Home-Page opens Successful--]]>
    </line>
    <line>
      <![CDATA[--New Customer Page OPens successfully]]>
    </line>
    <line>
      <![CDATA[--New Customer created and saved successfully]]>
    </line>
    <line>
      <![CDATA[--Purchase Contacts page opens--]]>
    </line>
    <line>
      <![CDATA[--Signout successfull--]]>
    </line>
    <line>
      <![CDATA[--browser closed successfull--]]>
    </line>
  </reporter-output>
  <suite started-at="2023-02-07T15:32:49 IST" name="Default suite" finished-at="2023-02-07T15:33:55 IST" duration-ms="66178">
    <groups>
    </groups>
    <test started-at="2023-02-07T15:32:49 IST" name="Default test" finished-at="2023-02-07T15:33:55 IST" duration-ms="66178">
      <class name="impex.CreateCustomerTest.createCustomerWithAllDetails">
        <test-method is-config="true" signature="bcConfig()[pri:0, instance:impex.CreateCustomerTest.createCustomerWithAllDetails@537f60bf]" started-at="2023-02-07T15:32:49 IST" name="bcConfig" finished-at="2023-02-07T15:33:00 IST" duration-ms="11062" status="PASS">
          <reporter-output>
            <line>
              <![CDATA[--Browser chrome launched successfully--]]>
            </line>
          </reporter-output>
        </test-method> <!-- bcConfig -->
        <test-method is-config="true" signature="bmConfig()[pri:0, instance:impex.CreateCustomerTest.createCustomerWithAllDetails@537f60bf]" started-at="2023-02-07T15:33:00 IST" name="bmConfig" finished-at="2023-02-07T15:33:31 IST" duration-ms="30658" status="PASS">
          <reporter-output>
            <line>
              <![CDATA[--Login Successful--]]>
            </line>
            <line>
              <![CDATA[--Home-Page opens Successful--]]>
            </line>
          </reporter-output>
        </test-method> <!-- bmConfig -->
        <test-method signature="Test1()[pri:0, instance:impex.CreateCustomerTest.createCustomerWithAllDetails@537f60bf]" started-at="2023-02-07T15:33:31 IST" name="Test1" finished-at="2023-02-07T15:33:52 IST" duration-ms="21663" status="FAIL">
          <exception class="java.lang.IllegalArgumentException">
            <message>
              <![CDATA[Keys to send should be a not null CharSequence]]>
            </message>
            <full-stacktrace>
              <![CDATA[java.lang.IllegalArgumentException: Keys to send should be a not null CharSequence
at org.openqa.selenium.remote.RemoteWebElement.sendKeys(RemoteWebElement.java:98)
at java.base/jdk.internal.reflect.NativeMethodAccessorImpl.invoke0(Native Method)
at java.base/jdk.internal.reflect.NativeMethodAccessorImpl.invoke(NativeMethodAccessorImpl.java:62)
at java.base/jdk.internal.reflect.DelegatingMethodAccessorImpl.invoke(DelegatingMethodAccessorImpl.java:43)
at java.base/java.lang.reflect.Method.invoke(Method.java:566)
at org.openqa.selenium.support.pagefactory.internal.LocatingElementHandler.invoke(LocatingElementHandler.java:52)
at com.sun.proxy.$Proxy18.sendKeys(Unknown Source)
at testAxiever.ObjectRepository.customerPurchaseContact.purchaseEmail(customerPurchaseContact.java:104)
at impex.CreateCustomerTest.createCustomerWithAllDetails.Test1(createCustomerWithAllDetails.java:65)
at java.base/jdk.internal.reflect.NativeMethodAccessorImpl.invoke0(Native Method)
at java.base/jdk.internal.reflect.NativeMethodAccessorImpl.invoke(NativeMethodAccessorImpl.java:62)
at java.base/jdk.internal.reflect.DelegatingMethodAccessorImpl.invoke(DelegatingMethodAccessorImpl.java:43)
at java.base/java.lang.reflect.Method.invoke(Method.java:566)
at org.testng.internal.MethodInvocationHelper.invokeMethod(MethodInvocationHelper.java:133)
at org.testng.internal.TestInvoker.invokeMethod(TestInvoker.java:598)
at org.testng.internal.TestInvoker.invokeTestMethod(TestInvoker.java:173)
at org.testng.internal.MethodRunner.runInSequence(MethodRunner.java:46)
at org.testng.internal.TestInvoker$MethodInvocationAgent.invoke(TestInvoker.java:824)
at org.testng.internal.TestInvoker.invokeTestMethods(TestInvoker.java:146)
at org.testng.internal.TestMethodWorker.invokeTestMethods(TestMethodWorker.java:146)
at org.testng.internal.TestMethodWorker.run(TestMethodWorker.java:128)
at java.base/java.util.ArrayList.forEach(ArrayList.java:1541)
at org.testng.TestRunner.privateRun(TestRunner.java:794)
at org.testng.TestRunner.run(TestRunner.java:596)
at org.testng.SuiteRunner.runTest(SuiteRunner.java:377)
at org.testng.SuiteRunner.runSequentially(SuiteRunner.java:371)
at org.testng.SuiteRunner.privateRun(SuiteRunner.java:332)
at org.testng.SuiteRunner.run(SuiteRunner.java:276)
at org.testng.SuiteRunnerWorker.runSuite(SuiteRunnerWorker.java:53)
at org.testng.SuiteRunnerWorker.run(SuiteRunnerWorker.java:96)
at org.testng.TestNG.runSuitesSequentially(TestNG.java:1212)
at org.testng.TestNG.runSuitesLocally(TestNG.java:1134)
at org.testng.TestNG.runSuites(TestNG.java:1063)
at org.testng.TestNG.run(TestNG.java:1031)
at org.testng.remote.AbstractRemoteTestNG.run(AbstractRemoteTestNG.java:115)
at org.testng.remote.RemoteTestNG.initAndRun(RemoteTestNG.java:251)
at org.testng.remote.RemoteTestNG.main(RemoteTestNG.java:77)
]]>
            </full-stacktrace>
          </exception> <!-- java.lang.IllegalArgumentException -->
          <reporter-output>
            <line>
              <![CDATA[--New Customer Page OPens successfully]]>
            </line>
            <line>
              <![CDATA[--New Customer created and saved successfully]]>
            </line>
            <line>
              <![CDATA[--Purchase Contacts page opens--]]>
            </line>
          </reporter-output>
        </test-method> <!-- Test1 -->
        <test-method is-config="true" signature="amConfig()[pri:0, instance:impex.CreateCustomerTest.createCustomerWithAllDetails@537f60bf]" started-at="2023-02-07T15:33:52 IST" name="amConfig" finished-at="2023-02-07T15:33:55 IST" duration-ms="2547" status="PASS">
          <reporter-output>
            <line>
              <![CDATA[--Signout successfull--]]>
            </line>
          </reporter-output>
        </test-method> <!-- amConfig -->
        <test-method is-config="true" signature="acConfig()[pri:0, instance:impex.CreateCustomerTest.createCustomerWithAllDetails@537f60bf]" started-at="2023-02-07T15:33:55 IST" name="acConfig" finished-at="2023-02-07T15:33:55 IST" duration-ms="156" status="PASS">
          <reporter-output>
            <line>
              <![CDATA[--browser closed successfull--]]>
            </line>
          </reporter-output>
        </test-method> <!-- acConfig -->
      </class> <!-- impex.CreateCustomerTest.createCustomerWithAllDetails -->
    </test> <!-- Default test -->
  </suite> <!-- Default suite -->
</testng-results>
