<?xml version="1.0" encoding="UTF-8"?>
<testng-results ignored="0" total="1" passed="1" failed="0" skipped="0">
  <reporter-output>
    <line>
      <![CDATA[--Browser edge launched successfully--]]>
    </line>
    <line>
      <![CDATA[--Login Successful--]]>
    </line>
    <line>
      <![CDATA[--Home-Page opens Successful--]]>
    </line>
    <line>
      <![CDATA[--New Customer Page OPens successfully]]>
    </line>
    <line>
      <![CDATA[--New Customer created and saved successfully]]>
    </line>
    <line>
      <![CDATA[--Purchase Contacts page opens--]]>
    </line>
    <line>
      <![CDATA[--Purchase contact added successfully--]]>
    </line>
    <line>
      <![CDATA[--Logistics contact page opens--]]>
    </line>
    <line>
      <![CDATA[--Logistics contact added successfully--]]>
    </line>
    <line>
      <![CDATA[--Signout successfull--]]>
    </line>
    <line>
      <![CDATA[--browser closed successfull--]]>
    </line>
  </reporter-output>
  <suite started-at="2023-02-07T23:50:55 IST" name="Default suite" finished-at="2023-02-07T23:52:36 IST" duration-ms="101598">
    <groups>
    </groups>
    <test started-at="2023-02-07T23:50:55 IST" name="Default test" finished-at="2023-02-07T23:52:36 IST" duration-ms="101598">
      <class name="impex.CreateCustomerTest.createCustomerWithAllDetails">
        <test-method is-config="true" signature="bcConfig()[pri:0, instance:impex.CreateCustomerTest.createCustomerWithAllDetails@537f60bf]" started-at="2023-02-07T23:50:55 IST" name="bcConfig" finished-at="2023-02-07T23:51:24 IST" duration-ms="29569" status="PASS">
          <reporter-output>
            <line>
              <![CDATA[--Browser edge launched successfully--]]>
            </line>
          </reporter-output>
        </test-method> <!-- bcConfig -->
        <test-method is-config="true" signature="bmConfig()[pri:0, instance:impex.CreateCustomerTest.createCustomerWithAllDetails@537f60bf]" started-at="2023-02-07T23:51:24 IST" name="bmConfig" finished-at="2023-02-07T23:52:09 IST" duration-ms="45114" status="PASS">
          <reporter-output>
            <line>
              <![CDATA[--Login Successful--]]>
            </line>
            <line>
              <![CDATA[--Home-Page opens Successful--]]>
            </line>
          </reporter-output>
        </test-method> <!-- bmConfig -->
        <test-method signature="Test1()[pri:0, instance:impex.CreateCustomerTest.createCustomerWithAllDetails@537f60bf]" started-at="2023-02-07T23:52:09 IST" name="Test1" finished-at="2023-02-07T23:52:34 IST" duration-ms="24718" status="PASS">
          <reporter-output>
            <line>
              <![CDATA[--New Customer Page OPens successfully]]>
            </line>
            <line>
              <![CDATA[--New Customer created and saved successfully]]>
            </line>
            <line>
              <![CDATA[--Purchase Contacts page opens--]]>
            </line>
            <line>
              <![CDATA[--Purchase contact added successfully--]]>
            </line>
            <line>
              <![CDATA[--Logistics contact page opens--]]>
            </line>
            <line>
              <![CDATA[--Logistics contact added successfully--]]>
            </line>
          </reporter-output>
        </test-method> <!-- Test1 -->
        <test-method is-config="true" signature="amConfig()[pri:0, instance:impex.CreateCustomerTest.createCustomerWithAllDetails@537f60bf]" started-at="2023-02-07T23:52:34 IST" name="amConfig" finished-at="2023-02-07T23:52:36 IST" duration-ms="1916" status="PASS">
          <reporter-output>
            <line>
              <![CDATA[--Signout successfull--]]>
            </line>
          </reporter-output>
        </test-method> <!-- amConfig -->
        <test-method is-config="true" signature="acConfig()[pri:0, instance:impex.CreateCustomerTest.createCustomerWithAllDetails@537f60bf]" started-at="2023-02-07T23:52:36 IST" name="acConfig" finished-at="2023-02-07T23:52:36 IST" duration-ms="217" status="PASS">
          <reporter-output>
            <line>
              <![CDATA[--browser closed successfull--]]>
            </line>
          </reporter-output>
        </test-method> <!-- acConfig -->
      </class> <!-- impex.CreateCustomerTest.createCustomerWithAllDetails -->
    </test> <!-- Default test -->
  </suite> <!-- Default suite -->
</testng-results>
